--- OLTWEB SYSTEM DIAGNOSTIC LOG ---
--- Generated by /usr/local/sbin/sysdiag v0.9.2 ---
--- Host: oltweb.internal ---

Dec  8 00:00:01 oltweb syslogd: restart
Dec  8 00:00:02 oltweb kernel: NET3: Unix domain sockets 0.13 for Linux NET3.035.
Dec  8 00:00:02 oltweb kernel: Swansea University Computer Society NET3.035
Dec  8 00:00:03 oltweb inetd[112]: inetd startup succeeded
Dec  8 00:00:04 oltweb named[118]: starting BIND 4.9.3
Dec  8 00:00:05 oltweb named[118]: reloading zone 'oltweb.internal'
Dec  8 00:02:11 oltweb sendmail[1204]: AA01204: message-id=<9312080002.AA01204@oltweb.internal>
Dec  8 00:02:12 oltweb sendmail[1204]: AA01204: from=<cron@oltweb.internal>, size=842, class=0
Dec  8 00:02:13 oltweb sendmail[1205]: AA01204: to=root, ctladdr=<cron@oltweb.internal>, delay=00:00:02, stat=Sent
Dec  8 02:00:01 oltweb cron[204]: (root) CMD (/usr/local/bin/backup_archive.sh)
Dec  8 02:00:04 oltweb backup_archive.sh: backup completed, 214 records, 0 errors
Dec  8 03:14:02 oltweb httpd[512]: [error] [client 10.0.4.12] File does not exist: /var/www/oltweb/pages/archive/echo-09.html
Dec  8 03:14:02 oltweb httpd[512]: [notice] child pid 512 exit signal Segmentation fault (11)
Dec  8 03:14:03 oltweb httpd[513]: [notice] httpd: child process restarted
Dec  8 09:41:55 oltweb ftpd[822]: FTP LOGIN FROM 10.0.4.3 (10.0.4.3), anonymous
Dec  8 09:44:12 oltweb ftpd[822]: FTP LOGOUT, 10.0.4.3
Dec  8 14:02:33 oltweb sendmail[1560]: AA01560: message-id=<9312081402.AA01560@oltweb.internal>
Dec  8 14:02:34 oltweb sendmail[1560]: AA01560: from=<mailer-daemon@oltweb.internal>, size=1105, class=0
Dec  8 14:02:35 oltweb sendmail[1561]: AA01560: to=<the_keeper@oltweb.internal>, delay=00:00:02, stat=Sent

Dec  9 00:00:01 oltweb syslogd: restart
Dec  9 02:00:01 oltweb cron[204]: (root) CMD (/usr/local/bin/backup_archive.sh)
Dec  9 02:00:03 oltweb backup_archive.sh: backup completed, 214 records, 0 errors
Dec  9 02:00:03 oltweb backup_archive.sh: WARNING: archive checksum mismatch on echo-09.html
Dec  9 02:00:03 oltweb backup_archive.sh: WARNING: record modified after archival, skipping overwrite
Dec  9 03:00:01 oltweb cron[211]: (root) CMD (/usr/local/bin/mail_digest.sh)
Dec  9 03:00:02 oltweb mail_digest.sh: digest sent to 1 recipient
Dec  9 08:12:44 oltweb httpd[601]: [error] [client 10.0.4.7] user administrator: authentication failure
Dec  9 08:12:51 oltweb httpd[601]: [error] [client 10.0.4.7] user administrator: authentication failure
Dec  9 08:13:02 oltweb httpd[601]: [error] [client 10.0.4.7] user administrator: authentication failure
Dec  9 08:13:02 oltweb httpd[601]: [notice] account locked after 3 failed attempts, cooldown 900s
Dec  9 11:22:09 oltweb named[118]: zone transfer request denied for 10.0.9.1
Dec  9 16:45:00 oltweb cron[233]: (root) CMD (/usr/local/bin/disk_check.sh)
Dec  9 16:45:01 oltweb disk_check.sh: /var partition at 91% capacity
Dec  9 16:45:01 oltweb disk_check.sh: WARNING: consider archiving old mail spool
Dec  9 22:03:17 oltweb sendmail[1802]: AA01802: message-id=<9312092203.AA01802@oltweb.internal>
Dec  9 22:03:18 oltweb sendmail[1802]: AA01802: from=<cron@oltweb.internal>, size=560, class=0
Dec  9 22:03:19 oltweb sendmail[1803]: AA01802: to=root, ctladdr=<cron@oltweb.internal>, delay=00:00:02, stat=Sent

Dec 10 00:00:01 oltweb syslogd: restart
Dec 10 02:00:01 oltweb cron[204]: (root) CMD (/usr/local/bin/backup_archive.sh)
Dec 10 02:00:04 oltweb backup_archive.sh: backup completed, 214 records, 0 errors
Dec 10 03:00:01 oltweb cron[211]: (root) CMD (/usr/local/bin/mail_digest.sh)
Dec 10 03:00:02 oltweb mail_digest.sh: digest sent to 1 recipient
Dec 10 03:12:41 oltweb named[118]: reloading zone 'oltweb.internal'
Dec 10 03:14:19 oltweb httpd[640]: [notice] server config reloaded
Dec 10 03:14:22 oltweb syslogd: last message repeated 4 times
Dec 10 03:14:22 oltweb kernel: hda: lost interrupt
Dec 10 03:14:23 oltweb kernel: hda: status error: status=0x58
Dec 10 03:14:23 oltweb kernel: hda: drive not ready for command
Dec 10 03:14:24 oltweb syslogd: restart

--- END OF AUTOMATED LOG ---
--- No further automated entries follow this timestamp ---

--- MANUAL ENTRY APPENDED BY SYSOP, RETRIEVED FROM BACKUP TAPE ---
--- ENTRY NOT PART OF ORIGINAL AUTOMATED LOG ---

If you are reading this, standard password recovery for the
administrator account has failed or was unavailable at the
time of your request.

A manual recovery procedure was left in place for exactly
this situation. To regain administrator access:

  1. Go to: /admin/recovery.html
  2. Enter the Recovery Key below when prompted.
  3. Choose a new administrator password.

Recovery Key: RK-OLT-7734

This key is valid for one recovery attempt. Do not distribute
this file.

--- END OF ENTRY ---
